<?xml version="1.0" encoding="UTF-8"?>
<!-- Generated by org.testng.reporters.JUnitReportReporter -->
<testsuite skipped="0" hostname="DESKTOP-3063GRI" name="test.Assign_001" tests="1" failures="0" timestamp="27 Sep 2019 11:48:55 GMT" time="36.908" errors="0">
  <testcase name="_addToCart" time="36.908" classname="test.Assign_001"/>
</testsuite> <!-- test.Assign_001 -->
