<?xml version="1.0" encoding="UTF-8"?>
<!-- Generated by org.testng.reporters.JUnitReportReporter -->
<testsuite skipped="0" hostname="DESKTOP-3063GRI" name="test.test" tests="1" failures="0" timestamp="25 Sep 2019 18:21:02 GMT" time="8.299" errors="0">
  <testcase name="testServer" time="8.299" classname="test.test"/>
</testsuite> <!-- test.test -->
